Netgen 1.5.277 compiled on Wed Aug 21 04:14:48 PM MDT 2024
Warning: netgen command 'format' use fully-qualified name '::netgen::format'
Warning: netgen command 'global' use fully-qualified name '::netgen::global'
Reading netlist file /home/renslow/Documents/ece5120/hw05/bandgap.ext.spc
Call to undefined subcircuit sky130_fd_pr__nfet_01v8
Creating placeholder cell definition.
Call to undefined subcircuit sky130_fd_pr__res_xhigh_po_5p73
Creating placeholder cell definition.
Call to undefined subcircuit sky130_fd_pr__pfet_01v8
Creating placeholder cell definition.
Call to undefined subcircuit sky130_fd_pr__pnp_05v5_W3p40L3p40
Creating placeholder cell definition.
Reading netlist file /home/renslow/Documents/ece5120/hw05/bandgap.sch.spc
Call to undefined subcircuit sky130_fd_pr__nfet_01v8
Creating placeholder cell definition.
Call to undefined subcircuit sky130_fd_pr__pfet_01v8
Creating placeholder cell definition.
Call to undefined subcircuit sky130_fd_pr__res_xhigh_po_5p73
Creating placeholder cell definition.
Call to undefined subcircuit sky130_fd_pr__pnp_05v5_W3p40L3p40
Creating placeholder cell definition.

Reading setup file /usr/magic/pdk/sky130A/libs.tech/netgen/sky130A_setup.tcl

Model sky130_fd_pr__res_xhigh_po_5p73 pin 1 == 2
No property w found for device sky130_fd_pr__res_xhigh_po_5p73
No property w found for device sky130_fd_pr__res_xhigh_po_5p73
No property value found for device sky130_fd_pr__res_xhigh_po_5p73
No property w found for device sky130_fd_pr__res_xhigh_po_5p73
No property mult found for device sky130_fd_pr__res_xhigh_po_5p73
Model sky130_fd_pr__res_xhigh_po_5p73 pin 1 == 2
No property w found for device sky130_fd_pr__res_xhigh_po_5p73
No property w found for device sky130_fd_pr__res_xhigh_po_5p73
No property value found for device sky130_fd_pr__res_xhigh_po_5p73
No property w found for device sky130_fd_pr__res_xhigh_po_5p73
Model sky130_fd_pr__nfet_01v8 pin 1 == 3
No property mult found for device sky130_fd_pr__nfet_01v8
No property sa found for device sky130_fd_pr__nfet_01v8
No property sb found for device sky130_fd_pr__nfet_01v8
No property sd found for device sky130_fd_pr__nfet_01v8
No property nf found for device sky130_fd_pr__nfet_01v8
No property nrd found for device sky130_fd_pr__nfet_01v8
No property nrs found for device sky130_fd_pr__nfet_01v8
No property area found for device sky130_fd_pr__nfet_01v8
No property perim found for device sky130_fd_pr__nfet_01v8
No property topography found for device sky130_fd_pr__nfet_01v8
Model sky130_fd_pr__nfet_01v8 pin 1 == 3
No property as found for device sky130_fd_pr__nfet_01v8
No property ad found for device sky130_fd_pr__nfet_01v8
No property ps found for device sky130_fd_pr__nfet_01v8
No property pd found for device sky130_fd_pr__nfet_01v8
No property mult found for device sky130_fd_pr__nfet_01v8
No property sa found for device sky130_fd_pr__nfet_01v8
No property sb found for device sky130_fd_pr__nfet_01v8
No property sd found for device sky130_fd_pr__nfet_01v8
No property nrd found for device sky130_fd_pr__nfet_01v8
No property nrs found for device sky130_fd_pr__nfet_01v8
No property area found for device sky130_fd_pr__nfet_01v8
No property perim found for device sky130_fd_pr__nfet_01v8
No property topography found for device sky130_fd_pr__nfet_01v8
Model sky130_fd_pr__pfet_01v8 pin 1 == 3
No property mult found for device sky130_fd_pr__pfet_01v8
No property sa found for device sky130_fd_pr__pfet_01v8
No property sb found for device sky130_fd_pr__pfet_01v8
No property sd found for device sky130_fd_pr__pfet_01v8
No property nf found for device sky130_fd_pr__pfet_01v8
No property nrd found for device sky130_fd_pr__pfet_01v8
No property nrs found for device sky130_fd_pr__pfet_01v8
No property area found for device sky130_fd_pr__pfet_01v8
No property perim found for device sky130_fd_pr__pfet_01v8
No property topography found for device sky130_fd_pr__pfet_01v8
Model sky130_fd_pr__pfet_01v8 pin 1 == 3
No property as found for device sky130_fd_pr__pfet_01v8
No property ad found for device sky130_fd_pr__pfet_01v8
No property ps found for device sky130_fd_pr__pfet_01v8
No property pd found for device sky130_fd_pr__pfet_01v8
No property mult found for device sky130_fd_pr__pfet_01v8
No property sa found for device sky130_fd_pr__pfet_01v8
No property sb found for device sky130_fd_pr__pfet_01v8
No property sd found for device sky130_fd_pr__pfet_01v8
No property nrd found for device sky130_fd_pr__pfet_01v8
No property nrs found for device sky130_fd_pr__pfet_01v8
No property area found for device sky130_fd_pr__pfet_01v8
No property perim found for device sky130_fd_pr__pfet_01v8
No property topography found for device sky130_fd_pr__pfet_01v8
No property mult found for device sky130_fd_pr__pnp_05v5_W3p40L3p40
No property mult found for device sky130_fd_pr__pnp_05v5_W3p40L3p40
No property mult found for device sky130_fd_pr__rf_pnp_05v5_W3p40L3p40
Comparison output logged to file /home/renslow/Documents/ece5120/hw05/bandgap.lvs.out
Logging to file "/home/renslow/Documents/ece5120/hw05/bandgap.lvs.out" enabled
Circuit sky130_fd_pr__pfet_01v8 contains no devices.
Circuit sky130_fd_pr__nfet_01v8 contains no devices.
Circuit sky130_fd_pr__res_xhigh_po_5p73 contains no devices.
Circuit sky130_fd_pr__pnp_05v5_W3p40L3p40 contains no devices.

Contents of circuit 1:  Circuit: 'bandgap'
Circuit bandgap contains 71 device instances.
  Class: sky130_fd_pr__nfet_01v8 instances:  23
  Class: sky130_fd_pr__pnp_05v5_W3p40L3p40 instances:  25
  Class: sky130_fd_pr__pfet_01v8 instances:  18
  Class: sky130_fd_pr__res_xhigh_po_5p73 instances:   5
Circuit contains 15 nets.
Contents of circuit 2:  Circuit: 'bandgap'
Circuit bandgap contains 20 device instances.
  Class: sky130_fd_pr__nfet_01v8 instances:   7
  Class: sky130_fd_pr__pnp_05v5_W3p40L3p40 instances:   2
  Class: sky130_fd_pr__pfet_01v8 instances:   6
  Class: sky130_fd_pr__res_xhigh_po_5p73 instances:   5
Circuit contains 15 nets.

Circuit was modified by parallel/series device merging.
New circuit summary:

Contents of circuit 1:  Circuit: 'bandgap'
Circuit bandgap contains 19 device instances.
  Class: sky130_fd_pr__nfet_01v8 instances:   7
  Class: sky130_fd_pr__pnp_05v5_W3p40L3p40 instances:   2
  Class: sky130_fd_pr__pfet_01v8 instances:   6
  Class: sky130_fd_pr__res_xhigh_po_5p73 instances:   4
Circuit contains 14 nets.
Contents of circuit 2:  Circuit: 'bandgap'
Circuit bandgap contains 19 device instances.
  Class: sky130_fd_pr__nfet_01v8 instances:   7
  Class: sky130_fd_pr__pnp_05v5_W3p40L3p40 instances:   2
  Class: sky130_fd_pr__pfet_01v8 instances:   6
  Class: sky130_fd_pr__res_xhigh_po_5p73 instances:   4
Circuit contains 14 nets.

Circuit 1 contains 19 devices, Circuit 2 contains 19 devices.
Circuit 1 contains 14 nets,    Circuit 2 contains 14 nets.


Final result: 
Circuits match uniquely.
Property errors were found.

The following cells had property errors:
 bandgap

Logging to file "/home/renslow/Documents/ece5120/hw05/bandgap.lvs.out" disabled
LVS Done.
