
Circuit 1 cell sky130_fd_pr__nfet_01v8 and Circuit 2 cell sky130_fd_pr__nfet_01v8 are black boxes.
Warning: Equate pins:  cell sky130_fd_pr__nfet_01v8 is a placeholder, treated as a black box.
Warning: Equate pins:  cell sky130_fd_pr__nfet_01v8 is a placeholder, treated as a black box.

Subcircuit pins:
Circuit 1: sky130_fd_pr__nfet_01v8         |Circuit 2: sky130_fd_pr__nfet_01v8         
-------------------------------------------|-------------------------------------------
1                                          |1                                          
2                                          |2                                          
3                                          |3                                          
4                                          |4                                          
---------------------------------------------------------------------------------------
Cell pin lists are equivalent.
Device classes sky130_fd_pr__nfet_01v8 and sky130_fd_pr__nfet_01v8 are equivalent.

Circuit 1 cell sky130_fd_pr__pfet_01v8 and Circuit 2 cell sky130_fd_pr__pfet_01v8 are black boxes.
Warning: Equate pins:  cell sky130_fd_pr__pfet_01v8 is a placeholder, treated as a black box.
Warning: Equate pins:  cell sky130_fd_pr__pfet_01v8 is a placeholder, treated as a black box.

Subcircuit pins:
Circuit 1: sky130_fd_pr__pfet_01v8         |Circuit 2: sky130_fd_pr__pfet_01v8         
-------------------------------------------|-------------------------------------------
1                                          |1                                          
2                                          |2                                          
3                                          |3                                          
4                                          |4                                          
---------------------------------------------------------------------------------------
Cell pin lists are equivalent.
Device classes sky130_fd_pr__pfet_01v8 and sky130_fd_pr__pfet_01v8 are equivalent.

Circuit 1 cell sky130_fd_pr__npn_05v5_W1p00L1p00 and Circuit 2 cell sky130_fd_pr__npn_05v5_w1p00l1p00 are black boxes.
Warning: Equate pins:  cell sky130_fd_pr__npn_05v5_W1p00L1p00 is a placeholder, treated as a black box.
Warning: Equate pins:  cell sky130_fd_pr__npn_05v5_w1p00l1p00 is a placeholder, treated as a black box.

Subcircuit pins:
Circuit 1: sky130_fd_pr__npn_05v5_W1p00L1p |Circuit 2: sky130_fd_pr__npn_05v5_w1p00l1p 
-------------------------------------------|-------------------------------------------
1                                          |1                                          
2                                          |2                                          
3                                          |3                                          
4                                          |4                                          
---------------------------------------------------------------------------------------
Cell pin lists are equivalent.
Device classes sky130_fd_pr__npn_05v5_W1p00L1p00 and sky130_fd_pr__npn_05v5_w1p00l1p00 are equivalent.

Circuit 1 cell sky130_fd_pr__res_xhigh_po_0p35 and Circuit 2 cell sky130_fd_pr__res_xhigh_po_0p35 are black boxes.
Warning: Equate pins:  cell sky130_fd_pr__res_xhigh_po_0p35 is a placeholder, treated as a black box.
Warning: Equate pins:  cell sky130_fd_pr__res_xhigh_po_0p35 is a placeholder, treated as a black box.

Subcircuit pins:
Circuit 1: sky130_fd_pr__res_xhigh_po_0p35 |Circuit 2: sky130_fd_pr__res_xhigh_po_0p35 
-------------------------------------------|-------------------------------------------
1                                          |1                                          
2                                          |2                                          
3                                          |3                                          
---------------------------------------------------------------------------------------
Cell pin lists are equivalent.
Device classes sky130_fd_pr__res_xhigh_po_0p35 and sky130_fd_pr__res_xhigh_po_0p35 are equivalent.
Flattening unmatched subcell sky130_fd_pr__nfet_01v8_QX7BC3 in circuit demod (0)(2 instances)
Flattening unmatched subcell sky130_fd_pr__nfet_01v8_Q7B869 in circuit demod (0)(1 instance)
Flattening unmatched subcell n1x30_diff_pair in circuit demod (0)(1 instance)
Flattening unmatched subcell n1x30 in circuit demod (0)(2 instances)
Flattening unmatched subcell sky130_fd_pr__rf_npn_05v5_W1p00L1p00 in circuit demod (0)(1 instance)
Flattening unmatched subcell p1x15_diif_pair in circuit demod (0)(1 instance)
Flattening unmatched subcell p1x15 in circuit demod (0)(2 instances)
Flattening unmatched subcell p1x30_diff_pair in circuit demod (0)(1 instance)
Flattening unmatched subcell p1x30 in circuit demod (0)(2 instances)
Flattening unmatched subcell n1x15_diff_pair in circuit demod (0)(1 instance)
Flattening unmatched subcell n1x15 in circuit demod (0)(2 instances)
Flattening unmatched subcell sky130_fd_pr__res_xhigh_po_0p35_Y6F53N in circuit demod (0)(2 instances)
Flattening unmatched subcell p1_80x80 in circuit demod (0)(1 instance)
Flattening unmatched subcell sky130_fd_pr__res_xhigh_po_0p35_V22KJH in circuit demod (0)(2 instances)
Flattening unmatched subcell diff80 in circuit demod (0)(1 instance)
Flattening unmatched subcell p1_80x1 in circuit demod (0)(2 instances)

Class demod (0):  Merged 111 parallel devices.
Subcircuit summary:
Circuit 1: demod                           |Circuit 2: demod                           
-------------------------------------------|-------------------------------------------
sky130_fd_pr__nfet_01v8 (19->7)            |sky130_fd_pr__nfet_01v8 (7)                
sky130_fd_pr__npn_05v5_W1p00L1p00 (1)      |sky130_fd_pr__npn_05v5_w1p00l1p00 (0->1)   
sky130_fd_pr__pfet_01v8 (106->7)           |sky130_fd_pr__pfet_01v8 (86->7)            
sky130_fd_pr__res_xhigh_po_0p35 (4)        |sky130_fd_pr__res_xhigh_po_0p35 (4)        
Number of devices: 19                      |Number of devices: 19                      
Number of nets: 14                         |Number of nets: 14                         
---------------------------------------------------------------------------------------
Netlists match uniquely with property errors.
Circuit 2 demod instance sky130_fd_pr__npn_05v5_w1p00l1p00:Q1 property "NE" has no match in circuit 1.

Subcircuit pins:
Circuit 1: demod                           |Circuit 2: demod                           
-------------------------------------------|-------------------------------------------
VDD                                        |VDD                                        
Vout                                       |Vout                                       
VSS                                        |VSS                                        
Vinp                                       |Vinp                                       
Vref                                       |Vref                                       
---------------------------------------------------------------------------------------
Cell pin lists are equivalent.
Device classes demod and demod are equivalent.

Final result: Circuits match uniquely.
Property errors were found.

The following cells had property errors:
 demod
