Netgen 1.5.277 compiled on Wed Aug 21 04:14:48 PM MDT 2024
Warning: netgen command 'format' use fully-qualified name '::netgen::format'
Warning: netgen command 'global' use fully-qualified name '::netgen::global'
Reading netlist file /home/renslow/Documents/ece5120/Project/radio.ext.spc
Call to undefined subcircuit sky130_fd_pr__nfet_01v8
Creating placeholder cell definition.
Call to undefined subcircuit sky130_fd_pr__cap_mim_m3_1
Creating placeholder cell definition.
Call to undefined subcircuit sky130_fd_pr__res_xhigh_po_5p73
Creating placeholder cell definition.
Call to undefined subcircuit sky130_fd_pr__res_xhigh_po_0p35
Creating placeholder cell definition.
Call to undefined subcircuit sky130_fd_pr__pfet_01v8
Creating placeholder cell definition.
Call to undefined subcircuit sky130_fd_pr__pnp_05v5_W3p40L3p40
Creating placeholder cell definition.
Call to undefined subcircuit sky130_fd_pr__npn_05v5_W1p00L1p00
Creating placeholder cell definition.
Call to undefined subcircuit sky130_fd_pr__res_xhigh_po_0p69
Creating placeholder cell definition.
Reading netlist file /home/renslow/Documents/ece5120/Project/radio.sch.spc
Call to undefined subcircuit demod
Creating placeholder cell definition.
Call to undefined subcircuit gill_cell
Creating placeholder cell definition.
Call to undefined subcircuit lna
Creating placeholder cell definition.
Call to undefined subcircuit bandgap
Creating placeholder cell definition.
Call to undefined subcircuit sky130_fd_pr__nfet_01v8
Creating placeholder cell definition.
Call to undefined subcircuit sky130_fd_pr__pfet_01v8
Creating placeholder cell definition.
Call to undefined subcircuit sky130_fd_pr__res_xhigh_po_0p35
Creating placeholder cell definition.
Call to undefined subcircuit sky130_fd_pr__npn_05v5_w1p00l1p00
Creating placeholder cell definition.
Call to undefined subcircuit sky130_fd_pr__res_xhigh_po_0p69
Creating placeholder cell definition.
Call to undefined subcircuit sky130_fd_pr__res_xhigh_po_5p73
Creating placeholder cell definition.
Call to undefined subcircuit sky130_fd_pr__cap_mim_m3_1
Creating placeholder cell definition.
Call to undefined subcircuit sky130_fd_pr__pnp_05v5_W3p40L3p40
Creating placeholder cell definition.

Reading setup file /usr/magic/pdk/sky130A/libs.tech/netgen/sky130A_setup.tcl

Model sky130_fd_pr__res_xhigh_po_0p35 pin 1 == 2
No property w found for device sky130_fd_pr__res_xhigh_po_0p35
No property w found for device sky130_fd_pr__res_xhigh_po_0p35
No property value found for device sky130_fd_pr__res_xhigh_po_0p35
No property w found for device sky130_fd_pr__res_xhigh_po_0p35
No property mult found for device sky130_fd_pr__res_xhigh_po_0p35
Model sky130_fd_pr__res_xhigh_po_0p35 pin 1 == 2
No property w found for device sky130_fd_pr__res_xhigh_po_0p35
No property w found for device sky130_fd_pr__res_xhigh_po_0p35
No property value found for device sky130_fd_pr__res_xhigh_po_0p35
No property w found for device sky130_fd_pr__res_xhigh_po_0p35
Model sky130_fd_pr__res_xhigh_po_0p69 pin 1 == 2
No property w found for device sky130_fd_pr__res_xhigh_po_0p69
No property w found for device sky130_fd_pr__res_xhigh_po_0p69
No property value found for device sky130_fd_pr__res_xhigh_po_0p69
No property w found for device sky130_fd_pr__res_xhigh_po_0p69
No property mult found for device sky130_fd_pr__res_xhigh_po_0p69
Model sky130_fd_pr__res_xhigh_po_0p69 pin 1 == 2
No property w found for device sky130_fd_pr__res_xhigh_po_0p69
No property w found for device sky130_fd_pr__res_xhigh_po_0p69
No property value found for device sky130_fd_pr__res_xhigh_po_0p69
No property w found for device sky130_fd_pr__res_xhigh_po_0p69
Model sky130_fd_pr__res_xhigh_po_5p73 pin 1 == 2
No property w found for device sky130_fd_pr__res_xhigh_po_5p73
No property w found for device sky130_fd_pr__res_xhigh_po_5p73
No property value found for device sky130_fd_pr__res_xhigh_po_5p73
No property w found for device sky130_fd_pr__res_xhigh_po_5p73
No property mult found for device sky130_fd_pr__res_xhigh_po_5p73
Model sky130_fd_pr__res_xhigh_po_5p73 pin 1 == 2
No property w found for device sky130_fd_pr__res_xhigh_po_5p73
No property w found for device sky130_fd_pr__res_xhigh_po_5p73
No property value found for device sky130_fd_pr__res_xhigh_po_5p73
No property w found for device sky130_fd_pr__res_xhigh_po_5p73
Model sky130_fd_pr__nfet_01v8 pin 1 == 3
No property mult found for device sky130_fd_pr__nfet_01v8
No property sa found for device sky130_fd_pr__nfet_01v8
No property sb found for device sky130_fd_pr__nfet_01v8
No property sd found for device sky130_fd_pr__nfet_01v8
No property nf found for device sky130_fd_pr__nfet_01v8
No property nrd found for device sky130_fd_pr__nfet_01v8
No property nrs found for device sky130_fd_pr__nfet_01v8
No property area found for device sky130_fd_pr__nfet_01v8
No property perim found for device sky130_fd_pr__nfet_01v8
No property topography found for device sky130_fd_pr__nfet_01v8
Model sky130_fd_pr__nfet_01v8 pin 1 == 3
No property as found for device sky130_fd_pr__nfet_01v8
No property ad found for device sky130_fd_pr__nfet_01v8
No property ps found for device sky130_fd_pr__nfet_01v8
No property pd found for device sky130_fd_pr__nfet_01v8
No property mult found for device sky130_fd_pr__nfet_01v8
No property sa found for device sky130_fd_pr__nfet_01v8
No property sb found for device sky130_fd_pr__nfet_01v8
No property sd found for device sky130_fd_pr__nfet_01v8
No property nrd found for device sky130_fd_pr__nfet_01v8
No property nrs found for device sky130_fd_pr__nfet_01v8
No property area found for device sky130_fd_pr__nfet_01v8
No property perim found for device sky130_fd_pr__nfet_01v8
No property topography found for device sky130_fd_pr__nfet_01v8
Model sky130_fd_pr__pfet_01v8 pin 1 == 3
No property mult found for device sky130_fd_pr__pfet_01v8
No property sa found for device sky130_fd_pr__pfet_01v8
No property sb found for device sky130_fd_pr__pfet_01v8
No property sd found for device sky130_fd_pr__pfet_01v8
No property nf found for device sky130_fd_pr__pfet_01v8
No property nrd found for device sky130_fd_pr__pfet_01v8
No property nrs found for device sky130_fd_pr__pfet_01v8
No property area found for device sky130_fd_pr__pfet_01v8
No property perim found for device sky130_fd_pr__pfet_01v8
No property topography found for device sky130_fd_pr__pfet_01v8
Model sky130_fd_pr__pfet_01v8 pin 1 == 3
No property as found for device sky130_fd_pr__pfet_01v8
No property ad found for device sky130_fd_pr__pfet_01v8
No property ps found for device sky130_fd_pr__pfet_01v8
No property pd found for device sky130_fd_pr__pfet_01v8
No property mult found for device sky130_fd_pr__pfet_01v8
No property sa found for device sky130_fd_pr__pfet_01v8
No property sb found for device sky130_fd_pr__pfet_01v8
No property sd found for device sky130_fd_pr__pfet_01v8
No property nrd found for device sky130_fd_pr__pfet_01v8
No property nrs found for device sky130_fd_pr__pfet_01v8
No property area found for device sky130_fd_pr__pfet_01v8
No property perim found for device sky130_fd_pr__pfet_01v8
No property topography found for device sky130_fd_pr__pfet_01v8
No property area found for device sky130_fd_pr__cap_mim_m3_1
No property value found for device sky130_fd_pr__cap_mim_m3_1
No property mult found for device sky130_fd_pr__cap_mim_m3_1
No property perim found for device sky130_fd_pr__cap_mim_m3_1
No property mf found for device sky130_fd_pr__cap_mim_m3_1
No property area found for device sky130_fd_pr__cap_mim_m3_1
No property value found for device sky130_fd_pr__cap_mim_m3_1
No property mult found for device sky130_fd_pr__cap_mim_m3_1
No property perim found for device sky130_fd_pr__cap_mim_m3_1
No property mf found for device sky130_fd_pr__cap_mim_m3_1
No property mult found for device sky130_fd_pr__npn_05v5_W1p00L1p00
No property mult found for device sky130_fd_pr__pnp_05v5_W3p40L3p40
No property mult found for device sky130_fd_pr__pnp_05v5_W3p40L3p40
No property mult found for device sky130_fd_pr__rf_npn_05v5_W1p00L1p00
No property mult found for device sky130_fd_pr__rf_pnp_05v5_W3p40L3p40
Comparison output logged to file /home/renslow/Documents/ece5120/Project/radio.lvs.out
Logging to file "/home/renslow/Documents/ece5120/Project/radio.lvs.out" enabled
Circuit sky130_fd_pr__pfet_01v8 contains no devices.
Circuit sky130_fd_pr__nfet_01v8 contains no devices.
Circuit sky130_fd_pr__res_xhigh_po_0p69 contains no devices.
Circuit sky130_fd_pr__cap_mim_m3_1 contains no devices.
Circuit sky130_fd_pr__res_xhigh_po_5p73 contains no devices.
Circuit sky130_fd_pr__res_xhigh_po_0p35 contains no devices.
Circuit sky130_fd_pr__pnp_05v5_W3p40L3p40 contains no devices.
Circuit sky130_fd_pr__npn_05v5_W1p00L1p00 contains no devices.

Contents of circuit 1:  Circuit: 'lna'
Circuit lna contains 35 device instances.
  Class: sky130_fd_pr__nfet_01v8 instances:  19
  Class: sky130_fd_pr__cap_mim_m3_1 instances:   2
  Class: sky130_fd_pr__res_xhigh_po_0p35 instances:   1
  Class: sky130_fd_pr__pfet_01v8 instances:  10
  Class: sky130_fd_pr__res_xhigh_po_5p73 instances:   3
Circuit contains 10 nets.
Contents of circuit 2:  Circuit: 'lna'
Circuit lna contains 13 device instances.
  Class: sky130_fd_pr__nfet_01v8 instances:   5
  Class: sky130_fd_pr__cap_mim_m3_1 instances:   2
  Class: sky130_fd_pr__res_xhigh_po_0p35 instances:   1
  Class: sky130_fd_pr__pfet_01v8 instances:   2
  Class: sky130_fd_pr__res_xhigh_po_5p73 instances:   3
Circuit contains 10 nets.

Circuit was modified by parallel/series device merging.
New circuit summary:

Contents of circuit 1:  Circuit: 'lna'
Circuit lna contains 12 device instances.
  Class: sky130_fd_pr__nfet_01v8 instances:   5
  Class: sky130_fd_pr__cap_mim_m3_1 instances:   1
  Class: sky130_fd_pr__res_xhigh_po_0p35 instances:   1
  Class: sky130_fd_pr__pfet_01v8 instances:   2
  Class: sky130_fd_pr__res_xhigh_po_5p73 instances:   3
Circuit contains 10 nets.
Contents of circuit 2:  Circuit: 'lna'
Circuit lna contains 12 device instances.
  Class: sky130_fd_pr__nfet_01v8 instances:   5
  Class: sky130_fd_pr__cap_mim_m3_1 instances:   1
  Class: sky130_fd_pr__res_xhigh_po_0p35 instances:   1
  Class: sky130_fd_pr__pfet_01v8 instances:   2
  Class: sky130_fd_pr__res_xhigh_po_5p73 instances:   3
Circuit contains 10 nets.

Circuit 1 contains 12 devices, Circuit 2 contains 12 devices.
Circuit 1 contains 10 nets,    Circuit 2 contains 10 nets.


Contents of circuit 1:  Circuit: 'bandgap'
Circuit bandgap contains 71 device instances.
  Class: sky130_fd_pr__nfet_01v8 instances:  23
  Class: sky130_fd_pr__pnp_05v5_W3p40L3p40 instances:  25
  Class: sky130_fd_pr__pfet_01v8 instances:  18
  Class: sky130_fd_pr__res_xhigh_po_5p73 instances:   5
Circuit contains 15 nets.
Contents of circuit 2:  Circuit: 'bandgap'
Circuit bandgap contains 20 device instances.
  Class: sky130_fd_pr__nfet_01v8 instances:   7
  Class: sky130_fd_pr__pnp_05v5_W3p40L3p40 instances:   2
  Class: sky130_fd_pr__pfet_01v8 instances:   6
  Class: sky130_fd_pr__res_xhigh_po_5p73 instances:   5
Circuit contains 15 nets.

Circuit was modified by parallel/series device merging.
New circuit summary:

Contents of circuit 1:  Circuit: 'bandgap'
Circuit bandgap contains 19 device instances.
  Class: sky130_fd_pr__nfet_01v8 instances:   7
  Class: sky130_fd_pr__pnp_05v5_W3p40L3p40 instances:   2
  Class: sky130_fd_pr__pfet_01v8 instances:   6
  Class: sky130_fd_pr__res_xhigh_po_5p73 instances:   4
Circuit contains 14 nets.
Contents of circuit 2:  Circuit: 'bandgap'
Circuit bandgap contains 19 device instances.
  Class: sky130_fd_pr__nfet_01v8 instances:   7
  Class: sky130_fd_pr__pnp_05v5_W3p40L3p40 instances:   2
  Class: sky130_fd_pr__pfet_01v8 instances:   6
  Class: sky130_fd_pr__res_xhigh_po_5p73 instances:   4
Circuit contains 14 nets.

Circuit 1 contains 19 devices, Circuit 2 contains 19 devices.
Circuit 1 contains 14 nets,    Circuit 2 contains 14 nets.


Contents of circuit 1:  Circuit: 'demod'
Circuit demod contains 130 device instances.
  Class: sky130_fd_pr__nfet_01v8 instances:  19
  Class: sky130_fd_pr__res_xhigh_po_0p35 instances:   4
  Class: sky130_fd_pr__pfet_01v8 instances: 106
  Class: sky130_fd_pr__npn_05v5_W1p00L1p00 instances:   1
Circuit contains 14 nets.
Contents of circuit 2:  Circuit: 'demod'
Circuit demod contains 19 device instances.
  Class: sky130_fd_pr__nfet_01v8 instances:   7
  Class: sky130_fd_pr__res_xhigh_po_0p35 instances:   4
  Class: sky130_fd_pr__pfet_01v8 instances:   7
  Class: sky130_fd_pr__npn_05v5_w1p00l1p00 instances:   1
Circuit contains 14 nets.

Circuit was modified by parallel/series device merging.
New circuit summary:

Contents of circuit 1:  Circuit: 'demod'
Circuit demod contains 19 device instances.
  Class: sky130_fd_pr__nfet_01v8 instances:   7
  Class: sky130_fd_pr__res_xhigh_po_0p35 instances:   4
  Class: sky130_fd_pr__pfet_01v8 instances:   7
  Class: sky130_fd_pr__npn_05v5_W1p00L1p00 instances:   1
Circuit contains 14 nets.
Contents of circuit 2:  Circuit: 'demod'
Circuit demod contains 19 device instances.
  Class: sky130_fd_pr__nfet_01v8 instances:   7
  Class: sky130_fd_pr__res_xhigh_po_0p35 instances:   4
  Class: sky130_fd_pr__pfet_01v8 instances:   7
  Class: sky130_fd_pr__npn_05v5_w1p00l1p00 instances:   1
Circuit contains 14 nets.

Circuit 1 contains 19 devices, Circuit 2 contains 19 devices.
Circuit 1 contains 14 nets,    Circuit 2 contains 14 nets.

  Flattening non-matched subcircuits demod demod

Flattening instances of demod in file /home/renslow/Documents/ece5120/Project/radio.ext.spc
Flattening instances of demod in file /home/renslow/Documents/ece5120/Project/radio.sch.spc

Contents of circuit 1:  Circuit: 'gill_cell'
Circuit gill_cell contains 60 device instances.
  Class: sky130_fd_pr__nfet_01v8 instances:  50
  Class: sky130_fd_pr__res_xhigh_po_0p69 instances:   8
  Class: sky130_fd_pr__pfet_01v8 instances:   2
Circuit contains 18 nets.
Contents of circuit 2:  Circuit: 'gill_cell'
Circuit gill_cell contains 24 device instances.
  Class: sky130_fd_pr__nfet_01v8 instances:  14
  Class: sky130_fd_pr__res_xhigh_po_0p69 instances:   8
  Class: sky130_fd_pr__pfet_01v8 instances:   2
Circuit contains 18 nets.

Circuit was modified by parallel/series device merging.
New circuit summary:

Contents of circuit 1:  Circuit: 'gill_cell'
Circuit gill_cell contains 24 device instances.
  Class: sky130_fd_pr__nfet_01v8 instances:  14
  Class: sky130_fd_pr__res_xhigh_po_0p69 instances:   8
  Class: sky130_fd_pr__pfet_01v8 instances:   2
Circuit contains 18 nets.
Contents of circuit 2:  Circuit: 'gill_cell'
Circuit gill_cell contains 24 device instances.
  Class: sky130_fd_pr__nfet_01v8 instances:  14
  Class: sky130_fd_pr__res_xhigh_po_0p69 instances:   8
  Class: sky130_fd_pr__pfet_01v8 instances:   2
Circuit contains 18 nets.

Circuit 1 contains 24 devices, Circuit 2 contains 24 devices.
Circuit 1 contains 18 nets,    Circuit 2 contains 18 nets.


Contents of circuit 1:  Circuit: 'radio'
Circuit radio contains 22 device instances.
  Class: sky130_fd_pr__nfet_01v8 instances:   7
  Class: sky130_fd_pr__res_xhigh_po_0p35 instances:   4
  Class: sky130_fd_pr__pfet_01v8 instances:   7
  Class: sky130_fd_pr__npn_05v5_W1p00L1p00 instances:   1
  Class: lna                   instances:   1
  Class: gill_cell             instances:   1
  Class: bandgap               instances:   1
Circuit contains 21 nets.
Contents of circuit 2:  Circuit: 'radio'
Circuit radio contains 22 device instances.
  Class: sky130_fd_pr__nfet_01v8 instances:   7
  Class: sky130_fd_pr__res_xhigh_po_0p35 instances:   4
  Class: sky130_fd_pr__pfet_01v8 instances:   7
  Class: sky130_fd_pr__npn_05v5_w1p00l1p00 instances:   1
  Class: lna                   instances:   1
  Class: gill_cell             instances:   1
  Class: bandgap               instances:   1
Circuit contains 21 nets.

Circuit 1 contains 22 devices, Circuit 2 contains 22 devices.
Circuit 1 contains 21 nets,    Circuit 2 contains 21 nets.


Final result: 
Netlists do not match.

The following cells had property errors:
 bandgap

Logging to file "/home/renslow/Documents/ece5120/Project/radio.lvs.out" disabled
LVS Done.
