
Circuit 1 cell sky130_fd_pr__pfet_01v8 and Circuit 2 cell sky130_fd_pr__pfet_01v8 are black boxes.
Warning: Equate pins:  cell sky130_fd_pr__pfet_01v8 is a placeholder, treated as a black box.
Warning: Equate pins:  cell sky130_fd_pr__pfet_01v8 is a placeholder, treated as a black box.

Subcircuit pins:
Circuit 1: sky130_fd_pr__pfet_01v8         |Circuit 2: sky130_fd_pr__pfet_01v8         
-------------------------------------------|-------------------------------------------
1                                          |1                                          
2                                          |2                                          
3                                          |3                                          
4                                          |4                                          
---------------------------------------------------------------------------------------
Cell pin lists are equivalent.
Device classes sky130_fd_pr__pfet_01v8 and sky130_fd_pr__pfet_01v8 are equivalent.

Circuit 1 cell sky130_fd_pr__nfet_01v8 and Circuit 2 cell sky130_fd_pr__nfet_01v8 are black boxes.
Warning: Equate pins:  cell sky130_fd_pr__nfet_01v8 is a placeholder, treated as a black box.
Warning: Equate pins:  cell sky130_fd_pr__nfet_01v8 is a placeholder, treated as a black box.

Subcircuit pins:
Circuit 1: sky130_fd_pr__nfet_01v8         |Circuit 2: sky130_fd_pr__nfet_01v8         
-------------------------------------------|-------------------------------------------
1                                          |1                                          
2                                          |2                                          
3                                          |3                                          
4                                          |4                                          
---------------------------------------------------------------------------------------
Cell pin lists are equivalent.
Device classes sky130_fd_pr__nfet_01v8 and sky130_fd_pr__nfet_01v8 are equivalent.

Circuit 1 cell sky130_fd_pr__cap_mim_m3_1 and Circuit 2 cell sky130_fd_pr__cap_mim_m3_1 are black boxes.
Warning: Equate pins:  cell sky130_fd_pr__cap_mim_m3_1 is a placeholder, treated as a black box.
Warning: Equate pins:  cell sky130_fd_pr__cap_mim_m3_1 is a placeholder, treated as a black box.

Subcircuit pins:
Circuit 1: sky130_fd_pr__cap_mim_m3_1      |Circuit 2: sky130_fd_pr__cap_mim_m3_1      
-------------------------------------------|-------------------------------------------
1                                          |1                                          
2                                          |2                                          
---------------------------------------------------------------------------------------
Cell pin lists are equivalent.
Device classes sky130_fd_pr__cap_mim_m3_1 and sky130_fd_pr__cap_mim_m3_1 are equivalent.

Circuit 1 cell sky130_fd_pr__res_xhigh_po_5p73 and Circuit 2 cell sky130_fd_pr__res_xhigh_po_5p73 are black boxes.
Warning: Equate pins:  cell sky130_fd_pr__res_xhigh_po_5p73 is a placeholder, treated as a black box.
Warning: Equate pins:  cell sky130_fd_pr__res_xhigh_po_5p73 is a placeholder, treated as a black box.

Subcircuit pins:
Circuit 1: sky130_fd_pr__res_xhigh_po_5p73 |Circuit 2: sky130_fd_pr__res_xhigh_po_5p73 
-------------------------------------------|-------------------------------------------
1                                          |1                                          
2                                          |2                                          
3                                          |3                                          
---------------------------------------------------------------------------------------
Cell pin lists are equivalent.
Device classes sky130_fd_pr__res_xhigh_po_5p73 and sky130_fd_pr__res_xhigh_po_5p73 are equivalent.

Circuit 1 cell sky130_fd_pr__res_xhigh_po_0p35 and Circuit 2 cell sky130_fd_pr__res_xhigh_po_0p35 are black boxes.
Warning: Equate pins:  cell sky130_fd_pr__res_xhigh_po_0p35 is a placeholder, treated as a black box.
Warning: Equate pins:  cell sky130_fd_pr__res_xhigh_po_0p35 is a placeholder, treated as a black box.

Subcircuit pins:
Circuit 1: sky130_fd_pr__res_xhigh_po_0p35 |Circuit 2: sky130_fd_pr__res_xhigh_po_0p35 
-------------------------------------------|-------------------------------------------
1                                          |1                                          
2                                          |2                                          
3                                          |3                                          
---------------------------------------------------------------------------------------
Cell pin lists are equivalent.
Device classes sky130_fd_pr__res_xhigh_po_0p35 and sky130_fd_pr__res_xhigh_po_0p35 are equivalent.
Flattening unmatched subcell sky130_fd_pr__nfet_01v8_QX7BC3 in circuit lna (0)(1 instance)
Flattening unmatched subcell sky130_fd_pr__cap_mim_m3_1_LJ5JLG in circuit lna (0)(2 instances)
Flattening unmatched subcell sky130_fd_pr__nfet_01v8_7JY9FK in circuit lna (0)(1 instance)
Flattening unmatched subcell n70x1 in circuit lna (0)(1 instance)
Flattening unmatched subcell sky130_fd_pr__res_xhigh_po_5p73_F3YNPN in circuit lna (0)(1 instance)
Flattening unmatched subcell sky130_fd_pr__res_xhigh_po_5p73_G7VZ5E in circuit lna (0)(1 instance)
Flattening unmatched subcell sky130_fd_pr__res_xhigh_po_5p73_7D764L in circuit lna (0)(1 instance)
Flattening unmatched subcell sky130_fd_pr__res_xhigh_po_0p35_BB2ZH9 in circuit lna (0)(1 instance)
Flattening unmatched subcell diff_pair_p in circuit lna (0)(1 instance)
Flattening unmatched subcell p40x1 in circuit lna (0)(2 instances)
Flattening unmatched subcell diff_pair_n in circuit lna (0)(1 instance)
Flattening unmatched subcell n40x1 in circuit lna (0)(2 instances)

Class lna (0):  Merged 23 parallel devices.
Class lna (1):  Merged 1 parallel devices.
Subcircuit summary:
Circuit 1: lna                             |Circuit 2: lna                             
-------------------------------------------|-------------------------------------------
sky130_fd_pr__nfet_01v8 (19->5)            |sky130_fd_pr__nfet_01v8 (5)                
sky130_fd_pr__cap_mim_m3_1 (2->1)          |sky130_fd_pr__cap_mim_m3_1 (2->1)          
sky130_fd_pr__res_xhigh_po_5p73 (3)        |sky130_fd_pr__res_xhigh_po_5p73 (3)        
sky130_fd_pr__res_xhigh_po_0p35 (1)        |sky130_fd_pr__res_xhigh_po_0p35 (1)        
sky130_fd_pr__pfet_01v8 (10->2)            |sky130_fd_pr__pfet_01v8 (2)                
Number of devices: 12                      |Number of devices: 12                      
Number of nets: 10                         |Number of nets: 10                         
---------------------------------------------------------------------------------------
Netlists match uniquely.

Subcircuit pins:
Circuit 1: lna                             |Circuit 2: lna                             
-------------------------------------------|-------------------------------------------
VDD                                        |VDD                                        
Voutn                                      |Voutn                                      
VSS                                        |VSS                                        
Vin                                        |Vin                                        
Vref                                       |Vref                                       
Voutp                                      |Voutp                                      
---------------------------------------------------------------------------------------
Cell pin lists are equivalent.
Device classes lna and lna are equivalent.

Final result: Circuits match uniquely.
.
